#
# A fatal error has been detected by the Java Runtime Environment:
#
#  EXCEPTION_ACCESS_VIOLATION (0xc0000005) at pc=0x00007ffd0ea0e360, pid=7880, tid=8188
#
# JRE version: Java(TM) SE Runtime Environment (15.0.2+7) (build 15.0.2+7-27)
# Java VM: Java HotSpot(TM) 64-Bit Server VM (15.0.2+7-27, mixed mode, sharing, tiered, compressed oops, g1 gc, windows-amd64)
# Problematic frame:
# C  [nvoglv64.dll+0x113e360]
#
# No core dump will be written. Minidumps are not enabled by default on client versions of Windows
#
# If you would like to submit a bug report, please visit:
#   https://bugreport.java.com/bugreport/crash.jsp
# The crash happened outside the Java Virtual Machine in native code.
# See problematic frame for where to report the bug.
#

---------------  S U M M A R Y ------------

Command Line: -Dfile.encoding=windows-1252 -Duser.country=US -Duser.language=en -Duser.variant myApp

Host: Intel(R) Core(TM) i7-6700 CPU @ 3.40GHz, 8 cores, 15G,  Windows 10 , 64 bit Build 19041 (10.0.19041.1202)
Time: Wed Nov  3 18:09:58 2021 Argentina Standard Time elapsed time: 0.984737 seconds (0d 0h 0m 0s)

---------------  T H R E A D  ---------------

Current thread (0x000001f041ad2c20):  JavaThread "main" [_thread_in_native, id=8188, stack(0x000000ad58f00000,0x000000ad59000000)]

Stack: [0x000000ad58f00000,0x000000ad59000000],  sp=0x000000ad58fff368,  free space=1020k
Native frames: (J=compiled Java code, j=interpreted, Vv=VM code, C=native code)
C  [nvoglv64.dll+0x113e360]

Java frames: (J=compiled Java code, j=interpreted, Vv=VM code)
j  org.lwjgl.opengl.GL11C.nglDrawElements(IIIJ)V+0
j  org.lwjgl.opengl.GL11C.glDrawElements(IIIJ)V+4
j  org.lwjgl.opengl.GL11.glDrawElements(IIIJ)V+4
j  scene.TestScene.update(F)V+46
j  window.Window.loop()V+79
j  window.Window.run()V+19
j  myApp.main([Ljava/lang/String;)V+15
v  ~StubRoutines::call_stub

siginfo: EXCEPTION_ACCESS_VIOLATION (0xc0000005), reading address 0x0000000000000000


Register to memory mapping:

RIP=0x00007ffd0ea0e360 nvoglv64.dll
RAX=0x0000000000022006 is an unknown value
RBX=0x000001f0666017b8 points into unknown readable memory: 0x0000000400022006 | 06 20 02 00 04 00 00 00
RCX=0x000001f0666017d4 points into unknown readable memory: 00 00 00 00
RDX=0x0 is NULL
RSP=0x000000ad58fff368 is pointing into the stack for thread: 0x000001f041ad2c20
RBP=0x0000000000000044 is an unknown value
RSI=0x0000000000000006 is an unknown value
RDI=0x000001f067522080 points into unknown readable memory: 0x0000000000000000 | 00 00 00 00 00 00 00 00
R8 =0x0000000000000018 is an unknown value
R9 =0x000001f0666017b8 points into unknown readable memory: 0x0000000400022006 | 06 20 02 00 04 00 00 00
R10=0x0 is NULL
R11=0x000001f0666017d4 points into unknown readable memory: 00 00 00 00
R12=0x0000000000000004 is an unknown value
R13=0x0000000000001405 is an unknown value
R14=0x0 is NULL
R15=0x000001f041ad2c00 points into unknown readable memory: 0x0000000000000000 | 00 00 00 00 00 00 00 00


Registers:
RAX=0x0000000000022006, RBX=0x000001f0666017b8, RCX=0x000001f0666017d4, RDX=0x0000000000000000
RSP=0x000000ad58fff368, RBP=0x0000000000000044, RSI=0x0000000000000006, RDI=0x000001f067522080
R8 =0x0000000000000018, R9 =0x000001f0666017b8, R10=0x0000000000000000, R11=0x000001f0666017d4
R12=0x0000000000000004, R13=0x0000000000001405, R14=0x0000000000000000, R15=0x000001f041ad2c00
RIP=0x00007ffd0ea0e360, EFLAGS=0x0000000000010283

Top of Stack: (sp=0x000000ad58fff368)
0x000000ad58fff368:   00007ffd0e0a777c 000000000000000a
0x000000ad58fff378:   000001f065a43a90 000000ad58fff490
0x000000ad58fff388:   00007ffd2677c687 000000000017555d
0x000000ad58fff398:   000001f049d3e06e 000001f041ad2c20
0x000000ad58fff3a8:   000000000000000a 000001f065a43a90
0x000000ad58fff3b8:   000001f041ad2c20 000001f049d1a1aa
0x000000ad58fff3c8:   000001f049d1efc0 000000ad58fff4d0
0x000000ad58fff3d8:   000001f065a43a90 0000000000000000
0x000000ad58fff3e8:   000001f049d1a1aa 000000000000000a
0x000000ad58fff3f8:   000001f049d1f177 000000ad58fff490
0x000000ad58fff408:   000000ad00000018 000001f041ad2c20
0x000000ad58fff418:   000001f065a43a90 000001f000001405
0x000000ad58fff428:   0000000000000000 3ff0000000000000
0x000000ad58fff438:   000001f041ad2c20 000001f049d1ee16
0x000000ad58fff448:   000000ad58fff448 000001f065a43a90
0x000000ad58fff458:   000000ad58fff4d0 000001f065a4e6f0 

Instructions: (pc=0x00007ffd0ea0e360)
0x00007ffd0ea0e260:   33 c0 c3 1b c0 83 d8 ff c3 90 49 c1 e9 02 74 37
0x00007ffd0ea0e270:   48 8b 01 48 3b 04 11 75 5b 48 8b 41 08 48 3b 44
0x00007ffd0ea0e280:   11 08 75 4c 48 8b 41 10 48 3b 44 11 10 75 3d 48
0x00007ffd0ea0e290:   8b 41 18 48 3b 44 11 18 75 2e 48 83 c1 20 49 ff
0x00007ffd0ea0e2a0:   c9 75 cd 49 83 e0 1f 4d 8b c8 49 c1 e9 03 74 9b
0x00007ffd0ea0e2b0:   48 8b 01 48 3b 04 11 75 1b 48 83 c1 08 49 ff c9
0x00007ffd0ea0e2c0:   75 ee 49 83 e0 07 eb 83 48 83 c1 08 48 83 c1 08
0x00007ffd0ea0e2d0:   48 83 c1 08 48 8b 0c 0a 48 0f c8 48 0f c9 48 3b
0x00007ffd0ea0e2e0:   c1 1b c0 83 d8 ff c3 cc cc cc cc cc cc cc cc cc
0x00007ffd0ea0e2f0:   cc cc cc cc cc cc 66 66 0f 1f 84 00 00 00 00 00
0x00007ffd0ea0e300:   57 56 49 8b c3 48 8b f9 49 8b c8 49 8b f2 f3 a4
0x00007ffd0ea0e310:   5e 5f c3 cc cc cc cc cc cc 0f 1f 80 00 00 00 00
0x00007ffd0ea0e320:   4c 8b d9 4c 8b d2 49 83 f8 10 76 54 49 83 f8 20
0x00007ffd0ea0e330:   76 2e 48 2b d1 73 0d 4b 8d 04 10 48 3b c8 0f 82
0x00007ffd0ea0e340:   dc 02 00 00 49 81 f8 80 00 00 00 0f 86 0f 02 00
0x00007ffd0ea0e350:   00 f6 05 f0 a3 6b 01 02 0f 84 52 01 00 00 eb a0
0x00007ffd0ea0e360:   0f 10 02 42 0f 10 4c 02 f0 0f 11 01 42 0f 11 4c
0x00007ffd0ea0e370:   01 f0 48 8b c1 c3 66 66 0f 1f 84 00 00 00 00 00
0x00007ffd0ea0e380:   48 8b c1 4c 8d 0d 76 1c ec fe 43 8b 8c 81 10 2a
0x00007ffd0ea0e390:   94 02 49 03 c9 ff e1 66 0f 1f 84 00 00 00 00 00
0x00007ffd0ea0e3a0:   c3 0f b7 0a 66 89 08 c3 48 8b 0a 48 89 08 c3 0f
0x00007ffd0ea0e3b0:   b7 0a 44 0f b6 42 02 66 89 08 44 88 40 02 c3 0f
0x00007ffd0ea0e3c0:   b6 0a 88 08 c3 f3 0f 6f 02 f3 0f 7f 00 c3 66 90
0x00007ffd0ea0e3d0:   4c 8b 02 0f b7 4a 08 44 0f b6 4a 0a 4c 89 00 66
0x00007ffd0ea0e3e0:   89 48 08 44 88 48 0a c3 8b 0a 89 08 c3 0f 1f 00
0x00007ffd0ea0e3f0:   8b 0a 44 0f b6 42 04 89 08 44 88 40 04 c3 66 90
0x00007ffd0ea0e400:   8b 0a 44 0f b7 42 04 89 08 66 44 89 40 04 c3 90
0x00007ffd0ea0e410:   8b 0a 44 0f b7 42 04 44 0f b6 4a 06 89 08 66 44
0x00007ffd0ea0e420:   89 40 04 44 88 48 06 c3 4c 8b 02 8b 4a 08 44 0f
0x00007ffd0ea0e430:   b6 4a 0c 4c 89 00 89 48 08 44 88 48 0c c3 66 90
0x00007ffd0ea0e440:   4c 8b 02 0f b6 4a 08 4c 89 00 88 48 08 c3 66 90
0x00007ffd0ea0e450:   4c 8b 02 0f b7 4a 08 4c 89 00 66 89 48 08 c3 90 


Stack slot to memory mapping:
stack at sp + 0 slots: 0x00007ffd0e0a777c nvoglv64.dll
stack at sp + 1 slots: 0x000000000000000a is an unknown value
stack at sp + 2 slots: {method} {0x000001f065a43a98} 'nglDrawElements' '(IIIJ)V' in 'org/lwjgl/opengl/GL11C'
stack at sp + 3 slots: 0x000000ad58fff490 is pointing into the stack for thread: 0x000001f041ad2c20
stack at sp + 4 slots: 0x00007ffd2677c687 jvm.dll
stack at sp + 5 slots: 0x000000000017555d is an unknown value
stack at sp + 6 slots: 0x000001f049d3e06e is at code_begin+3822 in 
[CodeBlob (0x000001f049d3d110)]
Framesize: 0
BufferBlob (0x000001f049d3d110) used for native signature handlers
stack at sp + 7 slots: 0x000001f041ad2c20 is a thread


---------------  P R O C E S S  ---------------

Threads class SMR info:
_java_thread_list=0x000001f065cc3a90, length=11, elements={
0x000001f041ad2c20, 0x000001f065250560, 0x000001f065251040, 0x000001f065b693d0,
0x000001f065b6bda0, 0x000001f065b6c760, 0x000001f065b75510, 0x000001f065b9a8e0,
0x000001f065b9bac0, 0x000001f065cbe540, 0x000001f065ccad60
}

Java Threads: ( => current thread )
=>0x000001f041ad2c20 JavaThread "main" [_thread_in_native, id=8188, stack(0x000000ad58f00000,0x000000ad59000000)]
  0x000001f065250560 JavaThread "Reference Handler" daemon [_thread_blocked, id=19260, stack(0x000000ad59600000,0x000000ad59700000)]
  0x000001f065251040 JavaThread "Finalizer" daemon [_thread_blocked, id=17904, stack(0x000000ad59700000,0x000000ad59800000)]
  0x000001f065b693d0 JavaThread "Signal Dispatcher" daemon [_thread_blocked, id=14464, stack(0x000000ad59800000,0x000000ad59900000)]
  0x000001f065b6bda0 JavaThread "Attach Listener" daemon [_thread_blocked, id=8248, stack(0x000000ad59900000,0x000000ad59a00000)]
  0x000001f065b6c760 JavaThread "Service Thread" daemon [_thread_blocked, id=14164, stack(0x000000ad59a00000,0x000000ad59b00000)]
  0x000001f065b75510 JavaThread "C2 CompilerThread0" daemon [_thread_blocked, id=3088, stack(0x000000ad59b00000,0x000000ad59c00000)]
  0x000001f065b9a8e0 JavaThread "C1 CompilerThread0" daemon [_thread_blocked, id=18312, stack(0x000000ad59c00000,0x000000ad59d00000)]
  0x000001f065b9bac0 JavaThread "Sweeper thread" daemon [_thread_blocked, id=15196, stack(0x000000ad59d00000,0x000000ad59e00000)]
  0x000001f065cbe540 JavaThread "Notification Thread" daemon [_thread_blocked, id=14748, stack(0x000000ad59e00000,0x000000ad59f00000)]
  0x000001f065ccad60 JavaThread "Common-Cleaner" daemon [_thread_blocked, id=9380, stack(0x000000ad5a000000,0x000000ad5a100000)]

Other Threads:
  0x000001f06524edd0 VMThread "VM Thread" [stack: 0x000000ad59500000,0x000000ad59600000] [id=6548]
  0x000001f065cc2a20 WatcherThread [stack: 0x000000ad59f00000,0x000000ad5a000000] [id=3240]
  0x000001f041b237b0 GCTaskThread "GC Thread#0" [stack: 0x000000ad59000000,0x000000ad59100000] [id=2800]
  0x000001f041b37010 ConcurrentGCThread "G1 Main Marker" [stack: 0x000000ad59100000,0x000000ad59200000] [id=15016]
  0x000001f041b38b20 ConcurrentGCThread "G1 Conc#0" [stack: 0x000000ad59200000,0x000000ad59300000] [id=7320]
  0x000001f0650c80f0 ConcurrentGCThread "G1 Refine#0" [stack: 0x000000ad59300000,0x000000ad59400000] [id=3296]
  0x000001f0650c8c00 ConcurrentGCThread "G1 Young RemSet Sampling" [stack: 0x000000ad59400000,0x000000ad59500000] [id=8700]

Threads with active compile tasks:

VM state: not at safepoint (normal execution)

VM Mutex/Monitor currently owned by a thread: None

Heap address: 0x0000000700c00000, size: 4084 MB, Compressed Oops mode: Zero based, Oop shift amount: 3
CDS archive(s) mapped at: [0x0000000800000000-0x0000000800b50000-0x0000000800b50000), size 11862016, SharedBaseAddress: 0x0000000800000000, ArchiveRelocationMode: 0.
Compressed class space mapped at: 0x0000000800b50000-0x0000000840b50000, size: 1073741824
Narrow klass base: 0x0000000800000000, Narrow klass shift: 3, Narrow klass range: 0x100000000

GC Precious Log:
 CPUs: 8 total, 8 available
 Memory: 16335M
 Large Page Support: Disabled
 NUMA Support: Disabled
 Compressed Oops: Enabled (Zero based)
 Heap Region Size: 2M
 Heap Min Capacity: 8M
 Heap Initial Capacity: 256M
 Heap Max Capacity: 4084M
 Pre-touch: Disabled
 Parallel Workers: 8
 Concurrent Workers: 2
 Concurrent Refinement Workers: 8
 Periodic GC: Disabled

Heap:
 garbage-first heap   total 262144K, used 12288K [0x0000000700c00000, 0x0000000800000000)
  region size 2048K, 7 young (14336K), 0 survivors (0K)
 Metaspace       used 5967K, capacity 8843K, committed 9088K, reserved 1058816K
  class space    used 296K, capacity 584K, committed 640K, reserved 1048576K

Heap Regions: E=young(eden), S=young(survivor), O=old, HS=humongous(starts), HC=humongous(continues), CS=collection set, F=free, OA=open archive, CA=closed archive, TAMS=top-at-mark-start (previous, next)
|   0|0x0000000700c00000, 0x0000000700c00000, 0x0000000700e00000|  0%| F|  |TAMS 0x0000000700c00000, 0x0000000700c00000| Untracked 
|   1|0x0000000700e00000, 0x0000000700e00000, 0x0000000701000000|  0%| F|  |TAMS 0x0000000700e00000, 0x0000000700e00000| Untracked 
|   2|0x0000000701000000, 0x0000000701000000, 0x0000000701200000|  0%| F|  |TAMS 0x0000000701000000, 0x0000000701000000| Untracked 
|   3|0x0000000701200000, 0x0000000701200000, 0x0000000701400000|  0%| F|  |TAMS 0x0000000701200000, 0x0000000701200000| Untracked 
|   4|0x0000000701400000, 0x0000000701400000, 0x0000000701600000|  0%| F|  |TAMS 0x0000000701400000, 0x0000000701400000| Untracked 
|   5|0x0000000701600000, 0x0000000701600000, 0x0000000701800000|  0%| F|  |TAMS 0x0000000701600000, 0x0000000701600000| Untracked 
|   6|0x0000000701800000, 0x0000000701800000, 0x0000000701a00000|  0%| F|  |TAMS 0x0000000701800000, 0x0000000701800000| Untracked 
|   7|0x0000000701a00000, 0x0000000701a00000, 0x0000000701c00000|  0%| F|  |TAMS 0x0000000701a00000, 0x0000000701a00000| Untracked 
|   8|0x0000000701c00000, 0x0000000701c00000, 0x0000000701e00000|  0%| F|  |TAMS 0x0000000701c00000, 0x0000000701c00000| Untracked 
|   9|0x0000000701e00000, 0x0000000701e00000, 0x0000000702000000|  0%| F|  |TAMS 0x0000000701e00000, 0x0000000701e00000| Untracked 
|  10|0x0000000702000000, 0x0000000702000000, 0x0000000702200000|  0%| F|  |TAMS 0x0000000702000000, 0x0000000702000000| Untracked 
|  11|0x0000000702200000, 0x0000000702200000, 0x0000000702400000|  0%| F|  |TAMS 0x0000000702200000, 0x0000000702200000| Untracked 
|  12|0x0000000702400000, 0x0000000702400000, 0x0000000702600000|  0%| F|  |TAMS 0x0000000702400000, 0x0000000702400000| Untracked 
|  13|0x0000000702600000, 0x0000000702600000, 0x0000000702800000|  0%| F|  |TAMS 0x0000000702600000, 0x0000000702600000| Untracked 
|  14|0x0000000702800000, 0x0000000702800000, 0x0000000702a00000|  0%| F|  |TAMS 0x0000000702800000, 0x0000000702800000| Untracked 
|  15|0x0000000702a00000, 0x0000000702a00000, 0x0000000702c00000|  0%| F|  |TAMS 0x0000000702a00000, 0x0000000702a00000| Untracked 
|  16|0x0000000702c00000, 0x0000000702c00000, 0x0000000702e00000|  0%| F|  |TAMS 0x0000000702c00000, 0x0000000702c00000| Untracked 
|  17|0x0000000702e00000, 0x0000000702e00000, 0x0000000703000000|  0%| F|  |TAMS 0x0000000702e00000, 0x0000000702e00000| Untracked 
|  18|0x0000000703000000, 0x0000000703000000, 0x0000000703200000|  0%| F|  |TAMS 0x0000000703000000, 0x0000000703000000| Untracked 
|  19|0x0000000703200000, 0x0000000703200000, 0x0000000703400000|  0%| F|  |TAMS 0x0000000703200000, 0x0000000703200000| Untracked 
|  20|0x0000000703400000, 0x0000000703400000, 0x0000000703600000|  0%| F|  |TAMS 0x0000000703400000, 0x0000000703400000| Untracked 
|  21|0x0000000703600000, 0x0000000703600000, 0x0000000703800000|  0%| F|  |TAMS 0x0000000703600000, 0x0000000703600000| Untracked 
|  22|0x0000000703800000, 0x0000000703800000, 0x0000000703a00000|  0%| F|  |TAMS 0x0000000703800000, 0x0000000703800000| Untracked 
|  23|0x0000000703a00000, 0x0000000703a00000, 0x0000000703c00000|  0%| F|  |TAMS 0x0000000703a00000, 0x0000000703a00000| Untracked 
|  24|0x0000000703c00000, 0x0000000703c00000, 0x0000000703e00000|  0%| F|  |TAMS 0x0000000703c00000, 0x0000000703c00000| Untracked 
|  25|0x0000000703e00000, 0x0000000703e00000, 0x0000000704000000|  0%| F|  |TAMS 0x0000000703e00000, 0x0000000703e00000| Untracked 
|  26|0x0000000704000000, 0x0000000704000000, 0x0000000704200000|  0%| F|  |TAMS 0x0000000704000000, 0x0000000704000000| Untracked 
|  27|0x0000000704200000, 0x0000000704200000, 0x0000000704400000|  0%| F|  |TAMS 0x0000000704200000, 0x0000000704200000| Untracked 
|  28|0x0000000704400000, 0x0000000704400000, 0x0000000704600000|  0%| F|  |TAMS 0x0000000704400000, 0x0000000704400000| Untracked 
|  29|0x0000000704600000, 0x0000000704600000, 0x0000000704800000|  0%| F|  |TAMS 0x0000000704600000, 0x0000000704600000| Untracked 
|  30|0x0000000704800000, 0x0000000704800000, 0x0000000704a00000|  0%| F|  |TAMS 0x0000000704800000, 0x0000000704800000| Untracked 
|  31|0x0000000704a00000, 0x0000000704a00000, 0x0000000704c00000|  0%| F|  |TAMS 0x0000000704a00000, 0x0000000704a00000| Untracked 
|  32|0x0000000704c00000, 0x0000000704c00000, 0x0000000704e00000|  0%| F|  |TAMS 0x0000000704c00000, 0x0000000704c00000| Untracked 
|  33|0x0000000704e00000, 0x0000000704e00000, 0x0000000705000000|  0%| F|  |TAMS 0x0000000704e00000, 0x0000000704e00000| Untracked 
|  34|0x0000000705000000, 0x0000000705000000, 0x0000000705200000|  0%| F|  |TAMS 0x0000000705000000, 0x0000000705000000| Untracked 
|  35|0x0000000705200000, 0x0000000705200000, 0x0000000705400000|  0%| F|  |TAMS 0x0000000705200000, 0x0000000705200000| Untracked 
|  36|0x0000000705400000, 0x0000000705400000, 0x0000000705600000|  0%| F|  |TAMS 0x0000000705400000, 0x0000000705400000| Untracked 
|  37|0x0000000705600000, 0x0000000705600000, 0x0000000705800000|  0%| F|  |TAMS 0x0000000705600000, 0x0000000705600000| Untracked 
|  38|0x0000000705800000, 0x0000000705800000, 0x0000000705a00000|  0%| F|  |TAMS 0x0000000705800000, 0x0000000705800000| Untracked 
|  39|0x0000000705a00000, 0x0000000705a00000, 0x0000000705c00000|  0%| F|  |TAMS 0x0000000705a00000, 0x0000000705a00000| Untracked 
|  40|0x0000000705c00000, 0x0000000705c00000, 0x0000000705e00000|  0%| F|  |TAMS 0x0000000705c00000, 0x0000000705c00000| Untracked 
|  41|0x0000000705e00000, 0x0000000705e00000, 0x0000000706000000|  0%| F|  |TAMS 0x0000000705e00000, 0x0000000705e00000| Untracked 
|  42|0x0000000706000000, 0x0000000706000000, 0x0000000706200000|  0%| F|  |TAMS 0x0000000706000000, 0x0000000706000000| Untracked 
|  43|0x0000000706200000, 0x0000000706200000, 0x0000000706400000|  0%| F|  |TAMS 0x0000000706200000, 0x0000000706200000| Untracked 
|  44|0x0000000706400000, 0x0000000706400000, 0x0000000706600000|  0%| F|  |TAMS 0x0000000706400000, 0x0000000706400000| Untracked 
|  45|0x0000000706600000, 0x0000000706600000, 0x0000000706800000|  0%| F|  |TAMS 0x0000000706600000, 0x0000000706600000| Untracked 
|  46|0x0000000706800000, 0x0000000706800000, 0x0000000706a00000|  0%| F|  |TAMS 0x0000000706800000, 0x0000000706800000| Untracked 
|  47|0x0000000706a00000, 0x0000000706a00000, 0x0000000706c00000|  0%| F|  |TAMS 0x0000000706a00000, 0x0000000706a00000| Untracked 
|  48|0x0000000706c00000, 0x0000000706c00000, 0x0000000706e00000|  0%| F|  |TAMS 0x0000000706c00000, 0x0000000706c00000| Untracked 
|  49|0x0000000706e00000, 0x0000000706e00000, 0x0000000707000000|  0%| F|  |TAMS 0x0000000706e00000, 0x0000000706e00000| Untracked 
|  50|0x0000000707000000, 0x0000000707000000, 0x0000000707200000|  0%| F|  |TAMS 0x0000000707000000, 0x0000000707000000| Untracked 
|  51|0x0000000707200000, 0x0000000707200000, 0x0000000707400000|  0%| F|  |TAMS 0x0000000707200000, 0x0000000707200000| Untracked 
|  52|0x0000000707400000, 0x0000000707400000, 0x0000000707600000|  0%| F|  |TAMS 0x0000000707400000, 0x0000000707400000| Untracked 
|  53|0x0000000707600000, 0x0000000707600000, 0x0000000707800000|  0%| F|  |TAMS 0x0000000707600000, 0x0000000707600000| Untracked 
|  54|0x0000000707800000, 0x0000000707800000, 0x0000000707a00000|  0%| F|  |TAMS 0x0000000707800000, 0x0000000707800000| Untracked 
|  55|0x0000000707a00000, 0x0000000707a00000, 0x0000000707c00000|  0%| F|  |TAMS 0x0000000707a00000, 0x0000000707a00000| Untracked 
|  56|0x0000000707c00000, 0x0000000707c00000, 0x0000000707e00000|  0%| F|  |TAMS 0x0000000707c00000, 0x0000000707c00000| Untracked 
|  57|0x0000000707e00000, 0x0000000707e00000, 0x0000000708000000|  0%| F|  |TAMS 0x0000000707e00000, 0x0000000707e00000| Untracked 
|  58|0x0000000708000000, 0x0000000708000000, 0x0000000708200000|  0%| F|  |TAMS 0x0000000708000000, 0x0000000708000000| Untracked 
|  59|0x0000000708200000, 0x0000000708200000, 0x0000000708400000|  0%| F|  |TAMS 0x0000000708200000, 0x0000000708200000| Untracked 
|  60|0x0000000708400000, 0x0000000708400000, 0x0000000708600000|  0%| F|  |TAMS 0x0000000708400000, 0x0000000708400000| Untracked 
|  61|0x0000000708600000, 0x0000000708600000, 0x0000000708800000|  0%| F|  |TAMS 0x0000000708600000, 0x0000000708600000| Untracked 
|  62|0x0000000708800000, 0x0000000708800000, 0x0000000708a00000|  0%| F|  |TAMS 0x0000000708800000, 0x0000000708800000| Untracked 
|  63|0x0000000708a00000, 0x0000000708a00000, 0x0000000708c00000|  0%| F|  |TAMS 0x0000000708a00000, 0x0000000708a00000| Untracked 
|  64|0x0000000708c00000, 0x0000000708c00000, 0x0000000708e00000|  0%| F|  |TAMS 0x0000000708c00000, 0x0000000708c00000| Untracked 
|  65|0x0000000708e00000, 0x0000000708e00000, 0x0000000709000000|  0%| F|  |TAMS 0x0000000708e00000, 0x0000000708e00000| Untracked 
|  66|0x0000000709000000, 0x0000000709000000, 0x0000000709200000|  0%| F|  |TAMS 0x0000000709000000, 0x0000000709000000| Untracked 
|  67|0x0000000709200000, 0x0000000709200000, 0x0000000709400000|  0%| F|  |TAMS 0x0000000709200000, 0x0000000709200000| Untracked 
|  68|0x0000000709400000, 0x0000000709400000, 0x0000000709600000|  0%| F|  |TAMS 0x0000000709400000, 0x0000000709400000| Untracked 
|  69|0x0000000709600000, 0x0000000709600000, 0x0000000709800000|  0%| F|  |TAMS 0x0000000709600000, 0x0000000709600000| Untracked 
|  70|0x0000000709800000, 0x0000000709800000, 0x0000000709a00000|  0%| F|  |TAMS 0x0000000709800000, 0x0000000709800000| Untracked 
|  71|0x0000000709a00000, 0x0000000709a00000, 0x0000000709c00000|  0%| F|  |TAMS 0x0000000709a00000, 0x0000000709a00000| Untracked 
|  72|0x0000000709c00000, 0x0000000709c00000, 0x0000000709e00000|  0%| F|  |TAMS 0x0000000709c00000, 0x0000000709c00000| Untracked 
|  73|0x0000000709e00000, 0x0000000709e00000, 0x000000070a000000|  0%| F|  |TAMS 0x0000000709e00000, 0x0000000709e00000| Untracked 
|  74|0x000000070a000000, 0x000000070a000000, 0x000000070a200000|  0%| F|  |TAMS 0x000000070a000000, 0x000000070a000000| Untracked 
|  75|0x000000070a200000, 0x000000070a200000, 0x000000070a400000|  0%| F|  |TAMS 0x000000070a200000, 0x000000070a200000| Untracked 
|  76|0x000000070a400000, 0x000000070a400000, 0x000000070a600000|  0%| F|  |TAMS 0x000000070a400000, 0x000000070a400000| Untracked 
|  77|0x000000070a600000, 0x000000070a600000, 0x000000070a800000|  0%| F|  |TAMS 0x000000070a600000, 0x000000070a600000| Untracked 
|  78|0x000000070a800000, 0x000000070a800000, 0x000000070aa00000|  0%| F|  |TAMS 0x000000070a800000, 0x000000070a800000| Untracked 
|  79|0x000000070aa00000, 0x000000070aa00000, 0x000000070ac00000|  0%| F|  |TAMS 0x000000070aa00000, 0x000000070aa00000| Untracked 
|  80|0x000000070ac00000, 0x000000070ac00000, 0x000000070ae00000|  0%| F|  |TAMS 0x000000070ac00000, 0x000000070ac00000| Untracked 
|  81|0x000000070ae00000, 0x000000070ae00000, 0x000000070b000000|  0%| F|  |TAMS 0x000000070ae00000, 0x000000070ae00000| Untracked 
|  82|0x000000070b000000, 0x000000070b000000, 0x000000070b200000|  0%| F|  |TAMS 0x000000070b000000, 0x000000070b000000| Untracked 
|  83|0x000000070b200000, 0x000000070b200000, 0x000000070b400000|  0%| F|  |TAMS 0x000000070b200000, 0x000000070b200000| Untracked 
|  84|0x000000070b400000, 0x000000070b400000, 0x000000070b600000|  0%| F|  |TAMS 0x000000070b400000, 0x000000070b400000| Untracked 
|  85|0x000000070b600000, 0x000000070b600000, 0x000000070b800000|  0%| F|  |TAMS 0x000000070b600000, 0x000000070b600000| Untracked 
|  86|0x000000070b800000, 0x000000070b800000, 0x000000070ba00000|  0%| F|  |TAMS 0x000000070b800000, 0x000000070b800000| Untracked 
|  87|0x000000070ba00000, 0x000000070ba00000, 0x000000070bc00000|  0%| F|  |TAMS 0x000000070ba00000, 0x000000070ba00000| Untracked 
|  88|0x000000070bc00000, 0x000000070bc00000, 0x000000070be00000|  0%| F|  |TAMS 0x000000070bc00000, 0x000000070bc00000| Untracked 
|  89|0x000000070be00000, 0x000000070be00000, 0x000000070c000000|  0%| F|  |TAMS 0x000000070be00000, 0x000000070be00000| Untracked 
|  90|0x000000070c000000, 0x000000070c000000, 0x000000070c200000|  0%| F|  |TAMS 0x000000070c000000, 0x000000070c000000| Untracked 
|  91|0x000000070c200000, 0x000000070c200000, 0x000000070c400000|  0%| F|  |TAMS 0x000000070c200000, 0x000000070c200000| Untracked 
|  92|0x000000070c400000, 0x000000070c400000, 0x000000070c600000|  0%| F|  |TAMS 0x000000070c400000, 0x000000070c400000| Untracked 
|  93|0x000000070c600000, 0x000000070c600000, 0x000000070c800000|  0%| F|  |TAMS 0x000000070c600000, 0x000000070c600000| Untracked 
|  94|0x000000070c800000, 0x000000070c800000, 0x000000070ca00000|  0%| F|  |TAMS 0x000000070c800000, 0x000000070c800000| Untracked 
|  95|0x000000070ca00000, 0x000000070ca00000, 0x000000070cc00000|  0%| F|  |TAMS 0x000000070ca00000, 0x000000070ca00000| Untracked 
|  96|0x000000070cc00000, 0x000000070cc00000, 0x000000070ce00000|  0%| F|  |TAMS 0x000000070cc00000, 0x000000070cc00000| Untracked 
|  97|0x000000070ce00000, 0x000000070ce00000, 0x000000070d000000|  0%| F|  |TAMS 0x000000070ce00000, 0x000000070ce00000| Untracked 
|  98|0x000000070d000000, 0x000000070d000000, 0x000000070d200000|  0%| F|  |TAMS 0x000000070d000000, 0x000000070d000000| Untracked 
|  99|0x000000070d200000, 0x000000070d200000, 0x000000070d400000|  0%| F|  |TAMS 0x000000070d200000, 0x000000070d200000| Untracked 
| 100|0x000000070d400000, 0x000000070d400000, 0x000000070d600000|  0%| F|  |TAMS 0x000000070d400000, 0x000000070d400000| Untracked 
| 101|0x000000070d600000, 0x000000070d600000, 0x000000070d800000|  0%| F|  |TAMS 0x000000070d600000, 0x000000070d600000| Untracked 
| 102|0x000000070d800000, 0x000000070d800000, 0x000000070da00000|  0%| F|  |TAMS 0x000000070d800000, 0x000000070d800000| Untracked 
| 103|0x000000070da00000, 0x000000070da00000, 0x000000070dc00000|  0%| F|  |TAMS 0x000000070da00000, 0x000000070da00000| Untracked 
| 104|0x000000070dc00000, 0x000000070dc00000, 0x000000070de00000|  0%| F|  |TAMS 0x000000070dc00000, 0x000000070dc00000| Untracked 
| 105|0x000000070de00000, 0x000000070de00000, 0x000000070e000000|  0%| F|  |TAMS 0x000000070de00000, 0x000000070de00000| Untracked 
| 106|0x000000070e000000, 0x000000070e000000, 0x000000070e200000|  0%| F|  |TAMS 0x000000070e000000, 0x000000070e000000| Untracked 
| 107|0x000000070e200000, 0x000000070e200000, 0x000000070e400000|  0%| F|  |TAMS 0x000000070e200000, 0x000000070e200000| Untracked 
| 108|0x000000070e400000, 0x000000070e400000, 0x000000070e600000|  0%| F|  |TAMS 0x000000070e400000, 0x000000070e400000| Untracked 
| 109|0x000000070e600000, 0x000000070e600000, 0x000000070e800000|  0%| F|  |TAMS 0x000000070e600000, 0x000000070e600000| Untracked 
| 110|0x000000070e800000, 0x000000070e800000, 0x000000070ea00000|  0%| F|  |TAMS 0x000000070e800000, 0x000000070e800000| Untracked 
| 111|0x000000070ea00000, 0x000000070ea00000, 0x000000070ec00000|  0%| F|  |TAMS 0x000000070ea00000, 0x000000070ea00000| Untracked 
| 112|0x000000070ec00000, 0x000000070ec00000, 0x000000070ee00000|  0%| F|  |TAMS 0x000000070ec00000, 0x000000070ec00000| Untracked 
| 113|0x000000070ee00000, 0x000000070ee00000, 0x000000070f000000|  0%| F|  |TAMS 0x000000070ee00000, 0x000000070ee00000| Untracked 
| 114|0x000000070f000000, 0x000000070f000000, 0x000000070f200000|  0%| F|  |TAMS 0x000000070f000000, 0x000000070f000000| Untracked 
| 115|0x000000070f200000, 0x000000070f200000, 0x000000070f400000|  0%| F|  |TAMS 0x000000070f200000, 0x000000070f200000| Untracked 
| 116|0x000000070f400000, 0x000000070f400000, 0x000000070f600000|  0%| F|  |TAMS 0x000000070f400000, 0x000000070f400000| Untracked 
| 117|0x000000070f600000, 0x000000070f600000, 0x000000070f800000|  0%| F|  |TAMS 0x000000070f600000, 0x000000070f600000| Untracked 
| 118|0x000000070f800000, 0x000000070f800000, 0x000000070fa00000|  0%| F|  |TAMS 0x000000070f800000, 0x000000070f800000| Untracked 
| 119|0x000000070fa00000, 0x000000070fa00000, 0x000000070fc00000|  0%| F|  |TAMS 0x000000070fa00000, 0x000000070fa00000| Untracked 
| 120|0x000000070fc00000, 0x000000070fc00000, 0x000000070fe00000|  0%| F|  |TAMS 0x000000070fc00000, 0x000000070fc00000| Untracked 
| 121|0x000000070fe00000, 0x0000000710000000, 0x0000000710000000|100%| E|  |TAMS 0x000000070fe00000, 0x000000070fe00000| Complete 
| 122|0x0000000710000000, 0x0000000710200000, 0x0000000710200000|100%| E|CS|TAMS 0x0000000710000000, 0x0000000710000000| Complete 
| 123|0x0000000710200000, 0x0000000710400000, 0x0000000710400000|100%| E|CS|TAMS 0x0000000710200000, 0x0000000710200000| Complete 
| 124|0x0000000710400000, 0x0000000710600000, 0x0000000710600000|100%| E|CS|TAMS 0x0000000710400000, 0x0000000710400000| Complete 
| 125|0x0000000710600000, 0x0000000710800000, 0x0000000710800000|100%| E|CS|TAMS 0x0000000710600000, 0x0000000710600000| Complete 
| 126|0x0000000710800000, 0x0000000710a00000, 0x0000000710a00000|100%| E|CS|TAMS 0x0000000710800000, 0x0000000710800000| Complete 
| 127|0x0000000710a00000, 0x0000000710c00000, 0x0000000710c00000|100%| E|CS|TAMS 0x0000000710a00000, 0x0000000710a00000| Complete 

Card table byte_map: [0x000001f059840000,0x000001f05a040000] _byte_map_base: 0x000001f05603a000

Marking Bits (Prev, Next): (CMBitMap*) 0x000001f041b24f40, (CMBitMap*) 0x000001f041b24f80
 Prev Bits: [0x000001f05a840000, 0x000001f05e810000)
 Next Bits: [0x000001f05e810000, 0x000001f0627e0000)

Polling page: 0x000001f03fa10000

Metaspace:

Usage:
  Non-class:      8.07 MB capacity,     5.54 MB ( 69%) used,     2.52 MB ( 31%) free+waste,     8.25 KB ( <1%) overhead. 
      Class:    584.00 KB capacity,   296.82 KB ( 51%) used,   284.55 KB ( 49%) free+waste,     2.62 KB ( <1%) overhead. 
       Both:      8.64 MB capacity,     5.83 MB ( 67%) used,     2.80 MB ( 32%) free+waste,    10.88 KB ( <1%) overhead. 

Virtual space:
  Non-class space:       10.00 MB reserved,       8.25 MB ( 82%) committed 
      Class space:        1.00 GB reserved,     640.00 KB ( <1%) committed 
             Both:        1.01 GB reserved,       8.88 MB ( <1%) committed 

Chunk freelists:
   Non-Class:  125.00 KB
       Class:  24.00 KB
        Both:  149.00 KB

MaxMetaspaceSize: 17179869184.00 GB
CompressedClassSpaceSize: 1.00 GB

CodeHeap 'non-profiled nmethods': size=120000Kb used=216Kb max_used=216Kb free=119783Kb
 bounds [0x000001f0517e0000, 0x000001f051a50000, 0x000001f058d10000]
CodeHeap 'profiled nmethods': size=120000Kb used=1264Kb max_used=1264Kb free=118735Kb
 bounds [0x000001f04a2b0000, 0x000001f04a520000, 0x000001f0517e0000]
CodeHeap 'non-nmethods': size=5760Kb used=1588Kb max_used=1598Kb free=4171Kb
 bounds [0x000001f049d10000, 0x000001f049f80000, 0x000001f04a2b0000]
 total_blobs=1728 nmethods=755 adapters=886
 compilation: enabled
              stopped_count=0, restarted_count=0
 full_count=0

Compilation events (20 events):
Event: 0.882 Thread 0x000001f065b9a8e0  742       3       java.util.zip.ZipFile$ZipFileInputStream::initDataOffset (117 bytes)
Event: 0.883 Thread 0x000001f065b9a8e0 nmethod 742 0x000001f04a3e7690 code [0x000001f04a3e78c0, 0x000001f04a3e8068]
Event: 0.883 Thread 0x000001f065b9a8e0  743   !   3       java.util.zip.Inflater::setInput (69 bytes)
Event: 0.883 Thread 0x000001f065b9a8e0 nmethod 743 0x000001f04a3e8390 code [0x000001f04a3e8560, 0x000001f04a3e8928]
Event: 0.909 Thread 0x000001f065b9a8e0  746       3       java.lang.invoke.MemberName::isResolved (13 bytes)
Event: 0.909 Thread 0x000001f065b9a8e0 nmethod 746 0x000001f04a3e8a90 code [0x000001f04a3e8c20, 0x000001f04a3e8d78]
Event: 0.909 Thread 0x000001f065b9a8e0  747       3       java.util.ArrayList$Itr::hasNext (20 bytes)
Event: 0.909 Thread 0x000001f065b9a8e0 nmethod 747 0x000001f04a3e8e10 code [0x000001f04a3e8fa0, 0x000001f04a3e9118]
Event: 0.909 Thread 0x000001f065b9a8e0  749       3       java.lang.invoke.MethodType::insertParameterTypes (121 bytes)
Event: 0.910 Thread 0x000001f065b9a8e0 nmethod 749 0x000001f04a3e9210 code [0x000001f04a3e94e0, 0x000001f04a3ea2e8]
Event: 0.910 Thread 0x000001f065b9a8e0  751       3       jdk.internal.org.objectweb.asm.Frame::getLocal (46 bytes)
Event: 0.910 Thread 0x000001f065b9a8e0 nmethod 751 0x000001f04a3ea810 code [0x000001f04a3ea9a0, 0x000001f04a3eabb8]
Event: 0.910 Thread 0x000001f065b9a8e0  752       3       jdk.internal.org.objectweb.asm.ByteVector::putInt (74 bytes)
Event: 0.910 Thread 0x000001f065b9a8e0 nmethod 752 0x000001f04a3eac90 code [0x000001f04a3eae40, 0x000001f04a3eb088]
Event: 0.911 Thread 0x000001f065b9a8e0  753       3       jdk.internal.math.FDBigInteger::mult (64 bytes)
Event: 0.911 Thread 0x000001f065b9a8e0 nmethod 753 0x000001f04a3eb210 code [0x000001f04a3eb3c0, 0x000001f04a3eb638]
Event: 0.911 Thread 0x000001f065b9a8e0  754       3       jdk.internal.math.FDBigInteger::<init> (30 bytes)
Event: 0.911 Thread 0x000001f065b9a8e0 nmethod 754 0x000001f04a3eb810 code [0x000001f04a3eb9c0, 0x000001f04a3ebbc8]
Event: 0.911 Thread 0x000001f065b9a8e0  755       3       jdk.internal.math.FDBigInteger::trimLeadingZeros (57 bytes)
Event: 0.911 Thread 0x000001f065b9a8e0 nmethod 755 0x000001f04a3ebd10 code [0x000001f04a3ebec0, 0x000001f04a3ec1b8]

GC Heap History (0 events):
No events

Deoptimization events (14 events):
Event: 0.047 Thread 0x000001f041ad2c20 Uncommon trap: trap_request=0xffffff45 fr.pc=0x000001f0517e4048 relative=0x0000000000000228
Event: 0.047 Thread 0x000001f041ad2c20 Uncommon trap: reason=unstable_if action=reinterpret pc=0x000001f0517e4048 method=java.lang.String.hashCode()I @ 13 c2
Event: 0.047 Thread 0x000001f041ad2c20 DEOPT PACKING pc=0x000001f0517e4048 sp=0x000000ad58ffe4e0
Event: 0.047 Thread 0x000001f041ad2c20 DEOPT UNPACKING pc=0x000001f049d5e42f sp=0x000000ad58ffe470 mode 2
Event: 0.700 Thread 0x000001f041ad2c20 Uncommon trap: trap_request=0xffffff54 fr.pc=0x000001f0518075e0 relative=0x0000000000000060
Event: 0.700 Thread 0x000001f041ad2c20 Uncommon trap: reason=speculate_null_assert action=make_not_entrant pc=0x000001f0518075e0 method=sun.misc.Unsafe.putLong(Ljava/lang/Object;JJ)V @ 7 c2
Event: 0.700 Thread 0x000001f041ad2c20 DEOPT PACKING pc=0x000001f0518075e0 sp=0x000000ad58fff300
Event: 0.700 Thread 0x000001f041ad2c20 DEOPT UNPACKING pc=0x000001f049d5e42f sp=0x000000ad58fff278 mode 2
Event: 0.707 Thread 0x000001f041ad2c20 Uncommon trap: trap_request=0xffffff54 fr.pc=0x000001f051809258 relative=0x0000000000000058
Event: 0.707 Thread 0x000001f041ad2c20 Uncommon trap: reason=speculate_null_assert action=make_not_entrant pc=0x000001f051809258 method=sun.misc.Unsafe.getLong(Ljava/lang/Object;J)J @ 5 c2
Event: 0.707 Thread 0x000001f041ad2c20 DEOPT PACKING pc=0x000001f051809258 sp=0x000000ad58fff390
Event: 0.707 Thread 0x000001f041ad2c20 DEOPT UNPACKING pc=0x000001f049d5e42f sp=0x000000ad58fff318 mode 2
Event: 0.809 Thread 0x000001f041ad2c20 DEOPT PACKING pc=0x000001f04a2dc05f sp=0x000000ad58ffe270
Event: 0.809 Thread 0x000001f041ad2c20 DEOPT UNPACKING pc=0x000001f049d5e23f sp=0x000000ad58ffd6c0 mode 0

Classes unloaded (0 events):
No events

Classes redefined (0 events):
No events

Internal exceptions (16 events):
Event: 0.105 Thread 0x000001f041ad2c20 Exception <a 'java/lang/NoSuchMethodError'{0x00000007108ddca8}: 'java.lang.Object java.lang.invoke.DirectMethodHandle$Holder.invokeStatic(java.lang.Object)'> (0x00000007108ddca8) 
thrown [./open/src/hotspot/share/interpreter/linkResolver.cpp, line 782]
Event: 0.106 Thread 0x000001f041ad2c20 Exception <a 'java/lang/NoSuchMethodError'{0x00000007108e14d8}: 'java.lang.Object java.lang.invoke.DirectMethodHandle$Holder.invokeStaticInit(java.lang.Object)'> (0x00000007108e14d8) 
thrown [./open/src/hotspot/share/interpreter/linkResolver.cpp, line 782]
Event: 0.115 Thread 0x000001f041ad2c20 Exception <a 'java/lang/NoSuchMethodError'{0x000000071093f918}: 'void java.lang.invoke.DirectMethodHandle$Holder.invokeStatic(java.lang.Object, java.lang.Object)'> (0x000000071093f918) 
thrown [./open/src/hotspot/share/interpreter/linkResolver.cpp, line 782]
Event: 0.116 Thread 0x000001f041ad2c20 Exception <a 'java/lang/NoSuchMethodError'{0x0000000710945250}: 'void java.lang.invoke.DirectMethodHandle$Holder.invokeSpecial(java.lang.Object, java.lang.Object, java.lang.Object)'> (0x0000000710945250) 
thrown [./open/src/hotspot/share/interpreter/linkResolver.cpp, line 782]
Event: 0.118 Thread 0x000001f041ad2c20 Exception <a 'java/lang/NoSuchMethodError'{0x00000007109588d8}: 'java.lang.Object java.lang.invoke.DirectMethodHandle$Holder.invokeStatic(java.lang.Object, java.lang.Object, int)'> (0x00000007109588d8) 
thrown [./open/src/hotspot/share/interpreter/linkResolver.cpp, line 782]
Event: 0.119 Thread 0x000001f041ad2c20 Exception <a 'java/lang/NoSuchMethodError'{0x0000000710964fa0}: 'void java.lang.invoke.DelegatingMethodHandle$Holder.delegate(java.lang.Object, java.lang.Object, int, java.lang.Object)'> (0x0000000710964fa0) 
thrown [./open/src/hotspot/share/interpreter/linkResolver.cpp, line 782]
Event: 0.119 Thread 0x000001f041ad2c20 Exception <a 'java/lang/NoSuchMethodError'{0x00000007109692e8}: 'int java.lang.invoke.DirectMethodHandle$Holder.invokeSpecial(java.lang.Object, java.lang.Object, java.lang.Object)'> (0x00000007109692e8) 
thrown [./open/src/hotspot/share/interpreter/linkResolver.cpp, line 782]
Event: 0.144 Thread 0x000001f041ad2c20 Exception <a 'sun/nio/fs/WindowsException'{0x00000007109c4a30}> (0x00000007109c4a30) 
thrown [./open/src/hotspot/share/prims/jni.cpp, line 578]
Event: 0.145 Thread 0x000001f041ad2c20 Exception <a 'sun/nio/fs/WindowsException'{0x00000007109c4f88}> (0x00000007109c4f88) 
thrown [./open/src/hotspot/share/prims/jni.cpp, line 578]
Event: 0.169 Thread 0x000001f041ad2c20 Exception <a 'sun/nio/fs/WindowsException'{0x0000000710690420}> (0x0000000710690420) 
thrown [./open/src/hotspot/share/prims/jni.cpp, line 578]
Event: 0.169 Thread 0x000001f041ad2c20 Exception <a 'sun/nio/fs/WindowsException'{0x0000000710690790}> (0x0000000710690790) 
thrown [./open/src/hotspot/share/prims/jni.cpp, line 578]
Event: 0.634 Thread 0x000001f041ad2c20 Exception <a 'java/lang/NoSuchMethodError'{0x00000007106e5ea0}: 'void java.lang.invoke.DirectMethodHandle$Holder.invokeStaticInit(java.lang.Object, long, int, int, int, int)'> (0x00000007106e5ea0) 
thrown [./open/src/hotspot/share/interpreter/linkResolver.cpp, line 782]
Event: 0.664 Thread 0x000001f041ad2c20 Exception <a 'sun/nio/fs/WindowsException'{0x0000000710723660}> (0x0000000710723660) 
thrown [./open/src/hotspot/share/prims/jni.cpp, line 578]
Event: 0.664 Thread 0x000001f041ad2c20 Exception <a 'sun/nio/fs/WindowsException'{0x0000000710723a10}> (0x0000000710723a10) 
thrown [./open/src/hotspot/share/prims/jni.cpp, line 578]
Event: 0.668 Thread 0x000001f041ad2c20 Exception <a 'sun/nio/fs/WindowsException'{0x0000000710730c28}> (0x0000000710730c28) 
thrown [./open/src/hotspot/share/prims/jni.cpp, line 578]
Event: 0.668 Thread 0x000001f041ad2c20 Exception <a 'sun/nio/fs/WindowsException'{0x0000000710730f10}> (0x0000000710730f10) 
thrown [./open/src/hotspot/share/prims/jni.cpp, line 578]

Events (20 events):
Event: 0.161 loading class java/util/function/BiPredicate
Event: 0.161 loading class java/util/function/BiPredicate done
Event: 0.169 loading class java/lang/NoSuchFieldError
Event: 0.169 loading class java/lang/NoSuchFieldError done
Event: 0.172 loading class jdk/internal/reflect/UnsafeQualifiedStaticIntegerFieldAccessorImpl
Event: 0.172 loading class jdk/internal/reflect/UnsafeQualifiedStaticIntegerFieldAccessorImpl done
Event: 0.666 Loaded shared library C:\Users\Tomas\AppData\Local\Temp\lwjglTomas\3.2.3-build-13\lwjgl_opengl.dll
Event: 0.675 Executing VM operation: HandshakeAllThreads
Event: 0.675 Executing VM operation: HandshakeAllThreads done
Event: 0.706 Loaded shared library C:\Users\Tomas\AppData\Local\Temp\lwjglTomas\3.2.3-build-13\lwjgl.dll
Event: 0.714 Loaded shared library C:\Users\Tomas\AppData\Local\Temp\lwjglTomas\3.2.3-build-13\lwjgl.dll
Event: 0.718 Loaded shared library C:\Users\Tomas\AppData\Local\Temp\lwjglTomas\3.2.3-build-13\lwjgl.dll
Event: 0.868 loading class jdk/internal/reflect/UnsafeQualifiedLongFieldAccessorImpl
Event: 0.868 loading class jdk/internal/reflect/UnsafeQualifiedFieldAccessorImpl
Event: 0.868 loading class jdk/internal/reflect/UnsafeQualifiedFieldAccessorImpl done
Event: 0.868 loading class jdk/internal/reflect/UnsafeQualifiedLongFieldAccessorImpl done
Event: 0.876 loading class java/lang/AssertionError
Event: 0.876 loading class java/lang/AssertionError done
Event: 0.910 loading class jdk/internal/math/FDBigInteger
Event: 0.911 loading class jdk/internal/math/FDBigInteger done


Dynamic libraries:
0x00007ff67cf30000 - 0x00007ff67cf3f000 	C:\Program Files\Java\jdk-15.0.2\bin\java.exe
0x00007ffd89830000 - 0x00007ffd89a25000 	C:\WINDOWS\SYSTEM32\ntdll.dll
0x00007ffd87930000 - 0x00007ffd879ee000 	C:\WINDOWS\System32\KERNEL32.DLL
0x00007ffd87400000 - 0x00007ffd876c9000 	C:\WINDOWS\System32\KERNELBASE.dll
0x00007ffd86fb0000 - 0x00007ffd870b0000 	C:\WINDOWS\System32\ucrtbase.dll
0x00007ffd72c00000 - 0x00007ffd72c18000 	C:\Program Files\Java\jdk-15.0.2\bin\jli.dll
0x00007ffd6ae40000 - 0x00007ffd6ae59000 	C:\Program Files\Java\jdk-15.0.2\bin\VCRUNTIME140.dll
0x00007ffd89740000 - 0x00007ffd897ec000 	C:\WINDOWS\System32\ADVAPI32.dll
0x00007ffd88130000 - 0x00007ffd881ce000 	C:\WINDOWS\System32\msvcrt.dll
0x00007ffd89400000 - 0x00007ffd8949b000 	C:\WINDOWS\System32\sechost.dll
0x00007ffd88380000 - 0x00007ffd884aa000 	C:\WINDOWS\System32\RPCRT4.dll
0x00007ffd881d0000 - 0x00007ffd88371000 	C:\WINDOWS\System32\USER32.dll
0x00007ffd86f80000 - 0x00007ffd86fa2000 	C:\WINDOWS\System32\win32u.dll
0x00007ffd89160000 - 0x00007ffd8918b000 	C:\WINDOWS\System32\GDI32.dll
0x00007ffd71df0000 - 0x00007ffd7208a000 	C:\WINDOWS\WinSxS\amd64_microsoft.windows.common-controls_6595b64144ccf1df_6.0.19041.1110_none_60b5254171f9507e\COMCTL32.dll
0x00007ffd87140000 - 0x00007ffd8724b000 	C:\WINDOWS\System32\gdi32full.dll
0x00007ffd87250000 - 0x00007ffd872ed000 	C:\WINDOWS\System32\msvcp_win.dll
0x00007ffd81230000 - 0x00007ffd8123a000 	C:\WINDOWS\SYSTEM32\VERSION.dll
0x00007ffd89710000 - 0x00007ffd89740000 	C:\WINDOWS\System32\IMM32.DLL
0x00007ffd72b90000 - 0x00007ffd72b9c000 	C:\Program Files\Java\jdk-15.0.2\bin\vcruntime140_1.dll
0x00007ffd67610000 - 0x00007ffd676a1000 	C:\Program Files\Java\jdk-15.0.2\bin\msvcp140.dll
0x00007ffd26430000 - 0x00007ffd26f8e000 	C:\Program Files\Java\jdk-15.0.2\bin\server\jvm.dll
0x00007ffd893f0000 - 0x00007ffd893f8000 	C:\WINDOWS\System32\PSAPI.DLL
0x00007ffd83d50000 - 0x00007ffd83d59000 	C:\WINDOWS\SYSTEM32\WSOCK32.dll
0x00007ffd79350000 - 0x00007ffd79377000 	C:\WINDOWS\SYSTEM32\WINMM.dll
0x00007ffd885f0000 - 0x00007ffd8865b000 	C:\WINDOWS\System32\WS2_32.dll
0x00007ffd84d90000 - 0x00007ffd84da2000 	C:\WINDOWS\SYSTEM32\kernel.appcore.dll
0x00007ffd70de0000 - 0x00007ffd70dea000 	C:\Program Files\Java\jdk-15.0.2\bin\jimage.dll
0x00007ffd71b40000 - 0x00007ffd71d24000 	C:\WINDOWS\SYSTEM32\DBGHELP.DLL
0x00007ffd70620000 - 0x00007ffd7064c000 	C:\WINDOWS\SYSTEM32\dbgcore.DLL
0x00007ffd870b0000 - 0x00007ffd87133000 	C:\WINDOWS\System32\bcryptPrimitives.dll
0x00007ffd68040000 - 0x00007ffd68065000 	C:\Program Files\Java\jdk-15.0.2\bin\java.dll
0x00007ffd879f0000 - 0x00007ffd8812f000 	C:\WINDOWS\System32\SHELL32.dll
0x00007ffd85070000 - 0x00007ffd85800000 	C:\WINDOWS\SYSTEM32\windows.storage.dll
0x00007ffd887c0000 - 0x00007ffd88b15000 	C:\WINDOWS\System32\combase.dll
0x00007ffd868d0000 - 0x00007ffd868fc000 	C:\WINDOWS\SYSTEM32\Wldp.dll
0x00007ffd88710000 - 0x00007ffd887bd000 	C:\WINDOWS\System32\SHCORE.dll
0x00007ffd89190000 - 0x00007ffd891e5000 	C:\WINDOWS\System32\shlwapi.dll
0x00007ffd86e90000 - 0x00007ffd86eaf000 	C:\WINDOWS\SYSTEM32\profapi.dll
0x00007ffd69830000 - 0x00007ffd69849000 	C:\Program Files\Java\jdk-15.0.2\bin\net.dll
0x00007ffd7cac0000 - 0x00007ffd7cbc8000 	C:\WINDOWS\SYSTEM32\WINHTTP.dll
0x00007ffd86630000 - 0x00007ffd8669a000 	C:\WINDOWS\system32\mswsock.dll
0x00007ffd68090000 - 0x00007ffd680a2000 	C:\Program Files\Java\jdk-15.0.2\bin\nio.dll
0x00007ffd67920000 - 0x00007ffd67938000 	C:\Program Files\Java\jdk-15.0.2\bin\zip.dll
0x00007ffd70760000 - 0x00007ffd707c4000 	C:\Users\Tomas\AppData\Local\Temp\lwjglTomas\3.2.3-build-13\lwjgl.dll
0x00007ffd67db0000 - 0x00007ffd67e12000 	C:\Users\Tomas\AppData\Local\Temp\lwjglTomas\3.2.3-build-13\glfw.dll
0x00007ffd848f0000 - 0x00007ffd8498e000 	C:\WINDOWS\system32\uxtheme.dll
0x00007ffd70710000 - 0x00007ffd70755000 	C:\WINDOWS\SYSTEM32\dinput8.dll
0x00007ffd784b0000 - 0x00007ffd784c1000 	C:\WINDOWS\SYSTEM32\xinput1_4.dll
0x00007ffd87830000 - 0x00007ffd8787e000 	C:\WINDOWS\System32\cfgmgr32.dll
0x00007ffd86c20000 - 0x00007ffd86c54000 	C:\WINDOWS\SYSTEM32\DEVOBJ.dll
0x00007ffd84a80000 - 0x00007ffd84aaf000 	C:\WINDOWS\SYSTEM32\dwmapi.dll
0x00007ffd78570000 - 0x00007ffd786c2000 	C:\WINDOWS\SYSTEM32\inputhost.dll
0x00007ffd89090000 - 0x00007ffd8915d000 	C:\WINDOWS\System32\OLEAUT32.dll
0x00007ffd83f30000 - 0x00007ffd84084000 	C:\WINDOWS\SYSTEM32\wintypes.dll
0x00007ffd84510000 - 0x00007ffd84602000 	C:\WINDOWS\SYSTEM32\CoreMessaging.dll
0x00007ffd83700000 - 0x00007ffd837f6000 	C:\WINDOWS\SYSTEM32\PROPSYS.dll
0x00007ffd840d0000 - 0x00007ffd8442e000 	C:\WINDOWS\SYSTEM32\CoreUIComponents.dll
0x00007ffd85c40000 - 0x00007ffd85c73000 	C:\WINDOWS\SYSTEM32\ntmarta.dll
0x00007ffd891f0000 - 0x00007ffd89305000 	C:\WINDOWS\System32\MSCTF.dll
0x00007ffd85800000 - 0x00007ffd8580d000 	C:\WINDOWS\SYSTEM32\HID.DLL
0x00007ffd88b20000 - 0x00007ffd88f92000 	C:\WINDOWS\System32\SETUPAPI.DLL
0x00007ffd86f50000 - 0x00007ffd86f77000 	C:\WINDOWS\System32\bcrypt.dll
0x00007ffd873a0000 - 0x00007ffd87400000 	C:\WINDOWS\System32\WINTRUST.dll
0x00007ffd876d0000 - 0x00007ffd87826000 	C:\WINDOWS\System32\CRYPT32.dll
0x00007ffd86a60000 - 0x00007ffd86a72000 	C:\WINDOWS\SYSTEM32\MSASN1.dll
0x00007ffd5e310000 - 0x00007ffd5e435000 	C:\WINDOWS\SYSTEM32\opengl32.dll
0x00007ffd73cc0000 - 0x00007ffd73cec000 	C:\WINDOWS\SYSTEM32\GLU32.dll
0x00007ffd88660000 - 0x00007ffd88709000 	C:\WINDOWS\System32\clbcatq.dll
0x00007ffd0d8d0000 - 0x00007ffd10269000 	C:\WINDOWS\System32\DriverStore\FileRepository\nv_dispi.inf_amd64_60daf66a00f2e0b6\nvoglv64.dll
0x00007ffd884b0000 - 0x00007ffd885da000 	C:\WINDOWS\System32\ole32.dll
0x00007ffd83dd0000 - 0x00007ffd83de4000 	C:\WINDOWS\SYSTEM32\WTSAPI32.dll
0x00007ffd81180000 - 0x00007ffd811b1000 	C:\WINDOWS\SYSTEM32\cryptnet.dll
0x00007ffd86840000 - 0x00007ffd8684c000 	C:\WINDOWS\SYSTEM32\cryptbase.dll
0x00007ffd822e0000 - 0x00007ffd8231b000 	C:\WINDOWS\SYSTEM32\dxcore.dll
0x00007ffd5a7a0000 - 0x00007ffd5aa64000 	C:\WINDOWS\system32\nvspcap64.dll
0x00007ffd86dc0000 - 0x00007ffd86e0b000 	C:\WINDOWS\SYSTEM32\powrprof.dll
0x00007ffd86cf0000 - 0x00007ffd86d02000 	C:\WINDOWS\SYSTEM32\UMPDC.dll
0x00007ffd86c90000 - 0x00007ffd86cea000 	C:\WINDOWS\SYSTEM32\WINSTA.dll
0x00007ffd786d0000 - 0x00007ffd787c9000 	C:\WINDOWS\SYSTEM32\textinputframework.dll
0x00007ffd675b0000 - 0x00007ffd67609000 	C:\Users\Tomas\AppData\Local\Temp\lwjglTomas\3.2.3-build-13\lwjgl_opengl.dll

dbghelp: loaded successfully - version: 4.0.5 - missing functions: none
symbol engine: initialized successfully - sym options: 0x614 - pdb path: .;C:\Program Files\Java\jdk-15.0.2\bin;C:\WINDOWS\SYSTEM32;C:\WINDOWS\WinSxS\amd64_microsoft.windows.common-controls_6595b64144ccf1df_6.0.19041.1110_none_60b5254171f9507e;C:\Program Files\Java\jdk-15.0.2\bin\server;C:\Users\Tomas\AppData\Local\Temp\lwjglTomas\3.2.3-build-13;C:\WINDOWS\System32\DriverStore\FileRepository\nv_dispi.inf_amd64_60daf66a00f2e0b6

VM Arguments:
jvm_args: -Dfile.encoding=windows-1252 -Duser.country=US -Duser.language=en -Duser.variant 
java_command: myApp
java_class_path (initial): C:\Users\Tomas\IdeaProjects\myGameEngine\build\classes\java\main;C:\Users\Tomas\IdeaProjects\myGameEngine\build\resources\main;C:\Users\Tomas\.gradle\caches\modules-2\files-2.1\org.lwjgl\lwjgl-assimp\3.2.3\f62aa07a20afbdd3097efc296c4841e0d29700eb\lwjgl-assimp-3.2.3.jar;C:\Users\Tomas\.gradle\caches\modules-2\files-2.1\org.lwjgl\lwjgl-assimp\3.2.3\4e60aeb75f0343c4a9ede4ef8b6b32ca702a00a3\lwjgl-assimp-3.2.3-natives-windows.jar;C:\Users\Tomas\.gradle\caches\modules-2\files-2.1\org.lwjgl\lwjgl-glfw\3.2.3\5e520d5c290c8b012545a8d34fa5db5ab051ea53\lwjgl-glfw-3.2.3.jar;C:\Users\Tomas\.gradle\caches\modules-2\files-2.1\org.lwjgl\lwjgl-glfw\3.2.3\b4d8a3477cdc2edcf7a5f1e822926be846223f54\lwjgl-glfw-3.2.3-natives-windows.jar;C:\Users\Tomas\.gradle\caches\modules-2\files-2.1\org.lwjgl\lwjgl-openal\3.2.3\106742e805803ab9eab8e343f0fb31a3d263903c\lwjgl-openal-3.2.3.jar;C:\Users\Tomas\.gradle\caches\modules-2\files-2.1\org.lwjgl\lwjgl-openal\3.2.3\ec898e8ce11b5886f4f532a1536283ef2817758d\lwjgl-openal-3.2.3-natives-windows.jar;C:\Users\Tomas\.gradle\caches\modules-2\files-2.1\org.lwjgl\lwjgl-opengl\3.2.3\bdd534a323d0c8f54969b95e424b6ac8984f7d6e\lwjgl-opengl-3.2.3.jar;C:\Users\Tomas\.gradle\caches\modules-2\files-2.1\org.lwjgl\lwjgl-opengl\3.2.3\e81cfc73ec8708e5e791ed770e4ec3edfc1bbab1\lwjgl-opengl-3.2.3-natives-windows.jar;C:\Users\Tomas\.gradle\caches\modules-2\files-2.1\org.lwjgl\lwjgl-stb\3.2.3\40eccaa4fa86fc815f2e17946a392fb5fdcc286a\lwjgl-stb-3.2.3.jar;C:\Users\Tomas\.gradle\caches\modules-2\files-2.1\org.lwjgl\lwjgl-stb\3.2.3\817b21ec286f0ba3dcedb56a3bd275e6a9345be9\lwjgl-stb-3.2.3-natives-windows.jar;C:\Users\Tomas\.gradle\caches\modules-2\files-2.1\org.lwjgl\lwjgl\3.2.3\17a59ba0fe8d474ec9dbe0d5db40d2cfe59c4c08\lwjgl-3.2.3.jar;C:\Users\Tomas\.gradle\caches\modules-2\files-2.1\org.lwjgl\lwjgl\3.2.3\27f32cd35349684745951e04388e8e00d681cdcd\lwjgl-3.2.3-natives-windows.jar;C:\Users\Tomas\.gradle\caches\modules-2\files-2.1\org.joml\joml\1.10.2\194a5217c
Launcher Type: SUN_STANDARD

[Global flags]
     intx CICompilerCount                          = 4                                         {product} {ergonomic}
     uint ConcGCThreads                            = 2                                         {product} {ergonomic}
     uint G1ConcRefinementThreads                  = 8                                         {product} {ergonomic}
   size_t G1HeapRegionSize                         = 2097152                                   {product} {ergonomic}
    uintx GCDrainStackTargetSize                   = 64                                        {product} {ergonomic}
   size_t InitialHeapSize                          = 268435456                                 {product} {ergonomic}
   size_t MarkStackSize                            = 4194304                                   {product} {ergonomic}
   size_t MaxHeapSize                              = 4282384384                                {product} {ergonomic}
   size_t MaxNewSize                               = 2569011200                                {product} {ergonomic}
   size_t MinHeapDeltaBytes                        = 2097152                                   {product} {ergonomic}
   size_t MinHeapSize                              = 8388608                                   {product} {ergonomic}
    uintx NonNMethodCodeHeapSize                   = 5839372                                {pd product} {ergonomic}
    uintx NonProfiledCodeHeapSize                  = 122909434                              {pd product} {ergonomic}
    uintx ProfiledCodeHeapSize                     = 122909434                              {pd product} {ergonomic}
    uintx ReservedCodeCacheSize                    = 251658240                              {pd product} {ergonomic}
     bool SegmentedCodeCache                       = true                                      {product} {ergonomic}
   size_t SoftMaxHeapSize                          = 4282384384                             {manageable} {ergonomic}
     bool UseCompressedClassPointers               = true                                 {lp64_product} {ergonomic}
     bool UseCompressedOops                        = true                                 {lp64_product} {ergonomic}
     bool UseG1GC                                  = true                                      {product} {ergonomic}
     bool UseLargePagesIndividualAllocation        = false                                  {pd product} {ergonomic}

Logging:
Log output configuration:
 #0: stdout all=warning uptime,level,tags
 #1: stderr all=off uptime,level,tags

Environment Variables:
PATH=C:\Program Files\OpenJDK\jdk-8.0.262.10-hotspot\bin;C:\Program Files\Common Files\Oracle\Java\javapath;C:\Program Files (x86)\VMware\VMware Workstation\bin\;C:\Program Files\Java\jdk-13.0.1\bin;C:\Program Files (x86)\Common Files\Oracle\Java\javapath;C:\Program Files\Haskell\bin;C:\Program Files\Haskell Platform\8.4.2\lib\extralibs\bin;C:\Program Files\Haskell Platform\8.4.2\bin;C:\ProgramData\Oracle\Java\javapath;C:\Windows\system32;C:\Windows;C:\Windows\System32\Wbem;C:\Windows\System32\WindowsPowerShell\v1.0\;C:\Program Files (x86)\NVIDIA Corporation\PhysX\Common;C:\WINDOWS\system32;C:\WINDOWS;C:\WINDOWS\System32\Wbem;C:\WINDOWS\System32\WindowsPowerShell\v1.0\;C:\Program Files (x86)\Windows Live\Shared;C:\Program Files\Haskell Platform\8.4.2\mingw\bin;C:\WINDOWS\System32\OpenSSH\;C:\MinGW\bin;C:\Program Files\dotnet\;C:\Program Files\Git\cmd;C:\Program Files (x86)\QuickTime\QTSystem\;C:\Program Files (x86)\LyX 2.3\Perl\bin;C:\Program Files\PuTTY\;C:\Program Files\nodejs\;C:\Program Files\NVIDIA Corporation\NVIDIA NvDLISR;C:\Program Files\CMake\bin;C:\WINDOWS\system32;C:\WINDOWS;C:\WINDOWS\System32\Wbem;C:\WINDOWS\System32\WindowsPowerShell\v1.0\;C:\WINDOWS\System32\OpenSSH\;C:\Users\Tomas\AppData\Local\Programs\Python\Python37\Scripts\;C:\Users\Tomas\AppData\Local\Programs\Python\Python37\;C:\Users\Tomas\AppData\Local\Microsoft\WindowsApps;;C:\Users\Tomas\AppData\Local\Programs\Microsoft VS Code\bin
USERNAME=Tomas
OS=Windows_NT
PROCESSOR_IDENTIFIER=Intel64 Family 6 Model 94 Stepping 3, GenuineIntel



---------------  S Y S T E M  ---------------

OS:
 Windows 10 , 64 bit Build 19041 (10.0.19041.1202)
OS uptime: 0 days 6:23 hours

CPU: total 8 (initial active 8) (4 cores per cpu, 2 threads per core) family 6 model 94 stepping 3 microcode 0xcc, cmov, cx8, fxsr, mmx, sse, sse2, sse3, ssse3, sse4.1, sse4.2, popcnt, vzeroupper, avx, avx2, aes, clmul, erms, rtm, 3dnowpref, lzcnt, ht, tsc, tscinvbit, bmi1, bmi2, adx, fma, clflush, clflushopt

Memory: 4k page, system-wide physical 16335M (8627M free)
TotalPageFile size 19791M (AvailPageFile size 8801M)
current process WorkingSet (physical memory assigned to process): 92M, peak: 92M
current process commit charge ("private bytes"): 400M, peak: 400M

vm_info: Java HotSpot(TM) 64-Bit Server VM (15.0.2+7-27) for windows-amd64 JRE (15.0.2+7-27), built on Dec  7 2020 20:07:01 by "mach5one" with unknown MS VC++:1925

END.
